{
  "sessionId": "1755034238575-t1yvrtk7q",
  "startedAt": "2025-08-12T21:30:38.576Z",
  "finishedAt": "2025-08-12T21:31:08.481Z",
  "countMode": "random",
  "targetCount": 5,
  "durations": [
    3.192,
    0,
    2.803,
    2.289,
    0,
    0.872,
    0.737,
    0,
    1.112,
    0,
    0.926,
    0.827,
    1.305,
    1.192,
    0,
    1.186,
    0,
    1.486,
    1.189,
    0,
    1.301,
    1.424,
    0,
    1.436,
    0,
    1.243,
    1.325,
    1.395
  ],
  "words": [
    "çap raz",
    "göz",
    "ka dın",
    "bü yü cü",
    "mah sur",
    "bi ki ni",
    "si nir len me",
    "di lek çe",
    "ke re",
    "ça re siz lik",
    "şar kı cı",
    "tı kı rın da",
    "fan tas tik",
    "sı ğır",
    "va tan se ver",
    "is tis na",
    "yi ne",
    "a te şin"
  ],
  "ip": "::ffff:127.0.0.1",
  "timestamp": "2025-08-12T21:31:08.484Z"
}